<?xml version="1.0" encoding="UTF-8"?>
<!-- Generated by org.testng.reporters.JUnitReportReporter -->
<testsuite hostname="Vinosenth" failures="0" tests="1" name="com.sdet.TC1_Login" time="8.408" errors="0" timestamp="2023-07-23T19:55:22 IST" skipped="0">
  <testcase classname="com.sdet.TC1_Login" name="logintest" time="8.408"/>
</testsuite> <!-- com.sdet.TC1_Login -->
